*** Using Compiler 'V6.7', folder: 'D:\Keil\ARM\ARMCLANG\Bin'
Build target 'G474'
compiling iic.c...
compiling board.c...
compiling system_stm32g4xx.c...
compiling can.c...
compiling spi.c...
compiling main.c...
compiling dac.c...
compiling timer.c...
compiling adc.c...
compiling rng.c...
compiling exti.c...
compiling led.c...
compiling pwm.c...
compiling key.c...
compiling usart.c...
compiling OLED.c...
compiling dma.c...
compiling adc_dma.c...
compiling dp_pwm.c...
compiling delay.c...
compiling sys.c...
compiling thread.c...
compiling stm32g474_config.c...
compiling cpu.c...
compiling irq.c...
compiling idle.c...
compiling memheap.c...
compiling clock.c...
compiling mem.c...
compiling components.c...
compiling mempool.c...
compiling ipc.c...
compiling object.c...
assembling context_rvds.S...
assembling startup_stm32g474xx.s...
compiling scheduler.c...
compiling kservice.c...
compiling slab.c...
compiling thread.c...
compiling cpuport.c...
compiling timer.c...
linking...
Program Size: Code=8628 RO-data=936 RW-data=68 ZI-data=6004  
FromELF: creating hex file...
"..\Object\G474.axf" - 0 Error(s), 0 Warning(s).
Build Time Elapsed:  00:00:02
